2022-10-11 21:37:03,369 INFO     Total number of pages from the previous request: 3181
2022-10-11 21:37:03,747 INFO     Page 3 users before sorting
2022-10-11 21:37:03,747 INFO     Anilaabh Pillai
2022-10-11 21:37:03,747 INFO     Mrs. Satyen Kakkar
2022-10-11 21:37:03,747 INFO     Bhisham Pillai
2022-10-11 21:37:03,747 INFO     Devi Deshpande MD
2022-10-11 21:37:03,747 INFO     Anil Dwivedi
2022-10-11 21:37:03,747 INFO     Anjaneya Bandopadhyay
2022-10-11 21:37:03,747 INFO     Deepesh Gowda
2022-10-11 21:37:03,747 INFO     Rajinder Mahajan
2022-10-11 21:37:03,747 INFO     Deeptendu Kaur
2022-10-11 21:37:03,747 INFO     Amb. Shubha Mehrotra
2022-10-11 21:37:03,748 INFO     Page 3 users after sorting
2022-10-11 21:37:03,748 INFO     Amb. Shubha Mehrotra
2022-10-11 21:37:03,748 INFO     Anil Dwivedi
2022-10-11 21:37:03,748 INFO     Anilaabh Pillai
2022-10-11 21:37:03,748 INFO     Anjaneya Bandopadhyay
2022-10-11 21:37:03,748 INFO     Bhisham Pillai
2022-10-11 21:37:03,748 INFO     Deepesh Gowda
2022-10-11 21:37:03,748 INFO     Deeptendu Kaur
2022-10-11 21:37:03,748 INFO     Devi Deshpande MD
2022-10-11 21:37:03,748 INFO     Mrs. Satyen Kakkar
2022-10-11 21:37:03,748 INFO     Rajinder Mahajan
2022-10-11 21:37:03,748 INFO     The last user after sorting is: Rajinder Mahajan
2022-10-11 21:37:05,672 INFO     The response code when trying to GET a non-existing user is: 404
